2025-07-06 19:59:59,167 - INFO - [DB] データベース初期化完了: bbs_database.db
2025-07-06 19:59:59,168 - ERROR - [G4F] プロバイダー検索エラー: module 'g4f.Provider' has no attribute 'Bing'
2025-07-06 19:59:59,168 - INFO - [G4F] 初期化完了。利用可能プロバイダー: 0個
2025-07-06 19:59:59,290 - INFO - [THREAD] スレッド管理初期化完了
2025-07-06 19:59:59,291 - INFO - [PERSONA] 作成完了: 田中太郎 (通常)
2025-07-06 19:59:59,296 - INFO - [PERSONA] 作成完了: 佐藤花子 (通常)
2025-07-06 19:59:59,301 - INFO - [PERSONA] 作成完了: 鈴木一郎 (通常)
2025-07-06 19:59:59,307 - INFO - [PERSONA] 作成完了: 高橋美咲 (通常)
2025-07-06 19:59:59,312 - INFO - [PERSONA] 作成完了: 伊藤健太 (通常)
2025-07-06 19:59:59,318 - INFO - [PERSONA] 作成完了: 渡辺久美 (通常)
2025-07-06 19:59:59,324 - INFO - [PERSONA] 作成完了: 山田俊介 (通常)
2025-07-06 19:59:59,328 - INFO - [PERSONA] 作成完了: 中村あゆみ (通常)
2025-07-06 19:59:59,334 - INFO - [PERSONA] 作成完了: 小林浩二 (通常)
2025-07-06 19:59:59,340 - INFO - [PERSONA] 作成完了: 加藤理恵 (通常)
2025-07-06 19:59:59,345 - INFO - [PERSONA] 作成完了: 匿名の批評家 (荒らし)
2025-07-06 19:59:59,349 - INFO - [PERSONA] 作成完了: 炎上マニア (荒らし)
2025-07-06 19:59:59,354 - INFO - [PERSONA] 作成完了: 松本恵子 (通常)
2025-07-06 19:59:59,361 - INFO - [PERSONA] 作成完了: 木村太郎 (通常)
2025-07-06 19:59:59,366 - INFO - [PERSONA] 作成完了: 林裕子 (通常)
2025-07-06 19:59:59,371 - INFO - [PERSONA] 作成完了: 清水正子 (通常)
2025-07-06 19:59:59,377 - INFO - [PERSONA] 作成完了: 森太郎 (通常)
2025-07-06 19:59:59,385 - INFO - [PERSONA] 作成完了: 池田太郎 (通常)
2025-07-06 19:59:59,390 - INFO - [PERSONA] 作成完了: 橋本花子 (通常)
2025-07-06 19:59:59,396 - INFO - [PERSONA] 作成完了: 山口美子 (通常)
2025-07-06 19:59:59,401 - INFO - [PERSONA] 作成完了: 石川三郎 (通常)
2025-07-06 19:59:59,407 - INFO - [PERSONA] 作成完了: 前田健一 (通常)
2025-07-06 19:59:59,412 - INFO - [PERSONA] 作成完了: 藤田三郎 (通常)
2025-07-06 19:59:59,421 - INFO - [PERSONA] 作成完了: 石井美子 (通常)
2025-07-06 19:59:59,426 - INFO - [PERSONA] 作成完了: 小川恵子 (通常)
2025-07-06 19:59:59,432 - INFO - [PERSONA] 作成完了: 後藤花子 (通常)
2025-07-06 19:59:59,438 - INFO - [PERSONA] 作成完了: 岡田正子 (通常)
2025-07-06 19:59:59,442 - INFO - [PERSONA] 作成完了: 長谷川美子 (通常)
2025-07-06 19:59:59,448 - INFO - [PERSONA] 作成完了: 村上太郎 (通常)
2025-07-06 19:59:59,453 - INFO - [PERSONA] 作成完了: 近藤美子 (通常)
2025-07-06 19:59:59,458 - INFO - [PERSONA] 作成完了: 石田恵子 (通常)
2025-07-06 19:59:59,464 - INFO - [PERSONA] 作成完了: 上田正子 (通常)
2025-07-06 19:59:59,469 - INFO - [PERSONA] 作成完了: 青木雅子 (通常)
2025-07-06 19:59:59,474 - INFO - [PERSONA] 作成完了: 森田正子 (通常)
2025-07-06 19:59:59,480 - INFO - [PERSONA] 作成完了: 原田裕子 (通常)
2025-07-06 19:59:59,485 - INFO - [PERSONA] 作成完了: 武田太郎 (通常)
2025-07-06 19:59:59,490 - INFO - [PERSONA] 作成完了: 宮田正子 (通常)
2025-07-06 19:59:59,495 - INFO - [PERSONA] 作成完了: 酒井花子 (通常)
2025-07-06 19:59:59,501 - INFO - [PERSONA] 作成完了: 工藤太郎 (通常)
2025-07-06 19:59:59,507 - INFO - [PERSONA] 作成完了: 横山花子 (通常)
2025-07-06 19:59:59,513 - INFO - [PERSONA] 作成完了: 井上恵子 (通常)
2025-07-06 19:59:59,522 - INFO - [PERSONA] 作成完了: 西村健一 (通常)
2025-07-06 19:59:59,527 - INFO - [PERSONA_MGR] 新規ペルソナ作成: 42体
2025-07-06 19:59:59,527 - INFO - [PERSONA_MGR] 初期化完了: 42体のペルソナ
2025-07-06 19:59:59,806 - INFO - [APP] キーバインド設定完了
2025-07-06 19:59:59,807 - INFO - [APP] 自動投稿スレッド開始
2025-07-06 19:59:59,807 - INFO - [APP] アプリケーション初期化完了 - Version 1.0.0
2025-07-06 19:59:59,807 - INFO - [APP] アプリケーション開始
2025-07-06 19:59:59,817 - INFO - [PERSONA_MGR] 自動投稿生成: 工藤太郎 -> Thread 2
2025-07-06 20:00:04,902 - INFO - [APP] カテゴリ変更: ゲーム
2025-07-06 20:00:04,903 - INFO - [APP] スレッド選択: 6
2025-07-06 20:00:05,328 - INFO - [APP] カテゴリ変更: 雑談
2025-07-06 20:00:05,329 - INFO - [APP] スレッド選択: 1
2025-07-06 20:00:05,666 - INFO - [APP] カテゴリ変更: ゲーム
2025-07-06 20:00:05,667 - INFO - [APP] スレッド選択: 6
2025-07-06 20:00:06,138 - INFO - [APP] カテゴリ変更: 趣味
2025-07-06 20:00:06,140 - INFO - [APP] スレッド選択: 11
2025-07-06 20:00:06,543 - INFO - [APP] カテゴリ変更: ゲーム
2025-07-06 20:00:06,544 - INFO - [APP] スレッド選択: 6
2025-07-06 20:00:08,343 - INFO - [APP] カテゴリ変更: 雑談
2025-07-06 20:00:08,344 - INFO - [APP] スレッド選択: 1
2025-07-06 20:00:09,378 - INFO - [APP] カテゴリ変更: ゲーム
2025-07-06 20:00:09,379 - INFO - [APP] スレッド選択: 6
2025-07-06 20:00:09,513 - INFO - [APP] カテゴリ変更: 趣味
2025-07-06 20:00:09,514 - INFO - [APP] スレッド選択: 11
2025-07-06 20:00:09,963 - INFO - [APP] カテゴリ変更: ゲーム
2025-07-06 20:00:09,964 - INFO - [APP] スレッド選択: 6
2025-07-06 20:00:10,098 - INFO - [APP] カテゴリ変更: 雑談
2025-07-06 20:00:10,099 - INFO - [APP] スレッド選択: 1
2025-07-06 20:00:12,122 - INFO - [APP] 管理モード: ON
2025-07-06 20:00:16,689 - INFO - [ADMIN] AI活動: 有効
2025-07-06 20:00:17,814 - INFO - [ADMIN] 投稿間隔変更: 44秒
2025-07-06 20:00:17,846 - INFO - [ADMIN] 投稿間隔変更: 43秒
2025-07-06 20:00:17,881 - INFO - [ADMIN] 投稿間隔変更: 42秒
2025-07-06 20:00:17,915 - INFO - [ADMIN] 投稿間隔変更: 41秒
2025-07-06 20:00:17,926 - INFO - [ADMIN] 投稿間隔変更: 40秒
2025-07-06 20:00:17,971 - INFO - [ADMIN] 投稿間隔変更: 39秒
2025-07-06 20:00:18,028 - INFO - [ADMIN] 投稿間隔変更: 38秒
2025-07-06 20:00:18,095 - INFO - [ADMIN] 投稿間隔変更: 37秒
2025-07-06 20:00:18,163 - INFO - [ADMIN] 投稿間隔変更: 36秒
2025-07-06 20:00:18,658 - INFO - [ADMIN] 投稿間隔変更: 35秒
2025-07-06 20:00:18,725 - INFO - [ADMIN] 投稿間隔変更: 34秒
2025-07-06 20:00:18,792 - INFO - [ADMIN] 投稿間隔変更: 33秒
2025-07-06 20:00:18,905 - INFO - [ADMIN] 投稿間隔変更: 32秒
2025-07-06 20:00:19,029 - INFO - [ADMIN] 投稿間隔変更: 31秒
2025-07-06 20:00:19,108 - INFO - [ADMIN] 投稿間隔変更: 30秒
2025-07-06 20:00:24,724 - INFO - [APP] カテゴリ変更: 雑談
2025-07-06 20:00:24,725 - INFO - [APP] スレッド選択: 1
2025-07-06 20:00:25,296 - INFO - [APP] カテゴリ変更: ゲーム
2025-07-06 20:00:25,298 - INFO - [APP] スレッド選択: 6
2025-07-06 20:00:27,053 - INFO - [APP] スレッド選択: 6
2025-07-06 20:00:33,126 - INFO - [THREAD] 投稿追加: あなた -> Thread 6
2025-07-06 20:00:33,134 - INFO - [PERSONA_MGR] ユーザーインタラクション記録: Thread 6
2025-07-06 20:00:33,135 - INFO - [APP] ユーザー投稿完了: Thread 6
2025-07-06 20:00:34,016 - INFO - [APP] 表示更新完了
2025-07-06 20:00:39,864 - INFO - [PERSONA_MGR] 自動投稿生成: 前田健一 -> Thread 7
2025-07-06 20:00:44,163 - INFO - [APP] スレッド選択: 10
2025-07-06 20:00:45,412 - INFO - [APP] スレッド選択: 6
2025-07-06 20:00:46,492 - INFO - [APP] カテゴリ変更: 雑談
2025-07-06 20:00:46,494 - INFO - [APP] スレッド選択: 1
2025-07-06 20:00:47,718 - INFO - [APP] カテゴリ変更: ゲーム
2025-07-06 20:00:47,720 - INFO - [APP] スレッド選択: 6
2025-07-06 20:00:48,326 - INFO - [APP] カテゴリ変更: 趣味
2025-07-06 20:00:48,327 - INFO - [APP] スレッド選択: 11
2025-07-06 20:00:49,552 - INFO - [APP] カテゴリ変更: パソコン
2025-07-06 20:00:49,554 - INFO - [APP] スレッド選択: 16
2025-07-06 20:00:50,317 - INFO - [APP] カテゴリ変更: 仕事
2025-07-06 20:00:50,319 - INFO - [APP] スレッド選択: 21
2025-07-06 20:00:56,786 - INFO - [APP] カテゴリ変更: 雑談
2025-07-06 20:00:56,787 - INFO - [APP] スレッド選択: 1
2025-07-06 20:00:57,675 - INFO - [APP] カテゴリ変更: ゲーム
2025-07-06 20:00:57,677 - INFO - [APP] スレッド選択: 6
2025-07-06 20:00:58,980 - INFO - [APP] スレッド選択: 7
2025-07-06 20:01:06,507 - INFO - [APP] 表示更新完了
2025-07-06 20:01:09,724 - INFO - [APP] カテゴリ変更: ゲーム
2025-07-06 20:01:09,726 - INFO - [APP] スレッド選択: 6
2025-07-06 20:01:10,489 - INFO - [APP] カテゴリ変更: ゲーム
2025-07-06 20:01:10,490 - INFO - [APP] スレッド選択: 6
2025-07-06 20:01:13,372 - INFO - [APP] 表示更新完了
2025-07-06 20:01:14,404 - INFO - [APP] スレッド選択: 7
2025-07-06 20:01:17,220 - INFO - [APP] アプリケーション終了
